<?xml version="1.0" encoding="UTF-8"?>
<testng-results ignored="0" total="1" passed="1" failed="0" skipped="0">
  <reporter-output>
  </reporter-output>
  <suite started-at="2025-04-28T17:29:14 IST" name="Suite" finished-at="2025-04-28T17:29:28 IST" duration-ms="13867">
    <groups>
    </groups>
    <test started-at="2025-04-28T17:29:14 IST" name="Test" finished-at="2025-04-28T17:29:28 IST" duration-ms="13867">
      <class name="testCases.TC001_LoginTest">
        <test-method is-config="true" signature="SetUp(java.lang.String)[pri:0, instance:testCases.TC001_LoginTest@79e2c065]" started-at="2025-04-28T17:29:14 IST" name="SetUp" finished-at="2025-04-28T17:29:20 IST" duration-ms="5696" status="PASS">
          <params>
            <param index="0">
              <value>
                <![CDATA[chrome]]>
              </value>
            </param>
          </params>
          <reporter-output>
          </reporter-output>
        </test-method> <!-- SetUp -->
        <test-method signature="VerifyLoginPage()[pri:0, instance:testCases.TC001_LoginTest@79e2c065]" started-at="2025-04-28T17:29:20 IST" name="VerifyLoginPage" finished-at="2025-04-28T17:29:28 IST" duration-ms="8115" status="PASS">
          <reporter-output>
          </reporter-output>
        </test-method> <!-- VerifyLoginPage -->
        <test-method is-config="true" signature="TearDown()[pri:0, instance:testCases.TC001_LoginTest@79e2c065]" started-at="2025-04-28T17:29:28 IST" name="TearDown" finished-at="2025-04-28T17:29:28 IST" duration-ms="0" status="PASS">
          <reporter-output>
          </reporter-output>
        </test-method> <!-- TearDown -->
      </class> <!-- testCases.TC001_LoginTest -->
    </test> <!-- Test -->
  </suite> <!-- Suite -->
</testng-results>
